<?xml version="1.0" encoding="UTF-8"?>
<testsuite name="com.deniz.recipes.service.RecipeServiceTest" tests="2" skipped="0" failures="0" errors="0" timestamp="2025-06-25T22:38:28" hostname="Denizs-MacBook-Pro.local" time="0.436">
  <properties/>
  <testcase name="getAllRecipes returns empty list when no recipes found()" classname="com.deniz.recipes.service.RecipeServiceTest" time="0.429"/>
  <testcase name="getAllRecipes returns list of recipes with ingredients()" classname="com.deniz.recipes.service.RecipeServiceTest" time="0.006"/>
  <system-out><![CDATA[]]></system-out>
  <system-err><![CDATA[WARNING: A Java agent has been loaded dynamically (/Users/denizkilic/.gradle/caches/modules-2/files-2.1/net.bytebuddy/byte-buddy-agent/1.14.13/979ce25f7d3096a2e82214ba7dc972a05ce7a171/byte-buddy-agent-1.14.13.jar)
WARNING: If a serviceability tool is in use, please run with -XX:+EnableDynamicAgentLoading to hide this warning
WARNING: If a serviceability tool is not in use, please run with -Djdk.instrument.traceUsage for more information
WARNING: Dynamic loading of agents will be disallowed by default in a future release
]]></system-err>
</testsuite>
